<?xml version="1.0" encoding="UTF-8"?>
<coverage generated="1742457041311" clover="3.2.0">
  <project timestamp="1742457041311" name="All files">
    <metrics statements="125" coveredstatements="118" conditionals="72" coveredconditionals="55" methods="44" coveredmethods="40" elements="241" coveredelements="213" complexity="0" loc="125" ncloc="125" packages="4" files="11" classes="11"/>
    <package name="src">
      <metrics statements="20" coveredstatements="19" conditionals="2" coveredconditionals="2" methods="4" coveredmethods="4"/>
      <file name="App.js" path="C:\Users\Arya\Documents\GitHub\final-project-04-winds\src\App.js">
        <metrics statements="20" coveredstatements="19" conditionals="2" coveredconditionals="2" methods="4" coveredmethods="4"/>
        <line num="12" count="1" type="stmt"/>
        <line num="15" count="8" type="stmt"/>
        <line num="16" count="8" type="stmt"/>
        <line num="17" count="8" type="stmt"/>
        <line num="20" count="8" type="stmt"/>
        <line num="21" count="2" type="stmt"/>
        <line num="22" count="2" type="stmt"/>
        <line num="23" count="2" type="stmt"/>
        <line num="24" count="2" type="stmt"/>
        <line num="25" count="2" type="stmt"/>
        <line num="26" count="2" type="stmt"/>
        <line num="29" count="2" type="stmt"/>
        <line num="30" count="2" type="stmt"/>
        <line num="31" count="2" type="stmt"/>
        <line num="33" count="0" type="stmt"/>
        <line num="38" count="8" type="stmt"/>
        <line num="39" count="1" type="stmt"/>
        <line num="43" count="8" type="stmt"/>
        <line num="44" count="1" type="stmt"/>
        <line num="47" count="8" type="stmt"/>
      </file>
    </package>
    <package name="src.Ingredient_Box">
      <metrics statements="67" coveredstatements="65" conditionals="34" coveredconditionals="25" methods="21" coveredmethods="20"/>
      <file name="IngredientsBox.js" path="C:\Users\Arya\Documents\GitHub\final-project-04-winds\src\Ingredient_Box\IngredientsBox.js">
        <metrics statements="2" coveredstatements="2" conditionals="0" coveredconditionals="0" methods="1" coveredmethods="1"/>
        <line num="6" count="1" type="stmt"/>
        <line num="7" count="11" type="stmt"/>
      </file>
      <file name="InputBox.js" path="C:\Users\Arya\Documents\GitHub\final-project-04-winds\src\Ingredient_Box\InputBox.js">
        <metrics statements="65" coveredstatements="63" conditionals="34" coveredconditionals="25" methods="20" coveredmethods="19"/>
        <line num="4" count="1" type="stmt"/>
        <line num="5" count="45" type="stmt"/>
        <line num="6" count="45" type="stmt"/>
        <line num="8" count="45" type="stmt"/>
        <line num="9" count="45" type="stmt"/>
        <line num="10" count="45" type="stmt"/>
        <line num="13" count="45" type="stmt"/>
        <line num="14" count="7" type="stmt"/>
        <line num="15" count="7" type="stmt"/>
        <line num="18" count="6" type="stmt"/>
        <line num="19" count="6" type="stmt"/>
        <line num="20" count="6" type="stmt"/>
        <line num="22" count="1" type="stmt"/>
        <line num="26" count="45" type="stmt"/>
        <line num="27" count="33" type="stmt"/>
        <line num="28" count="8" type="cond" truecount="2" falsecount="0"/>
        <line num="29" count="7" type="stmt"/>
        <line num="31" count="1" type="stmt"/>
        <line num="32" count="1" type="stmt"/>
        <line num="35" count="33" type="stmt"/>
        <line num="38" count="45" type="stmt"/>
        <line num="39" count="12" type="stmt"/>
        <line num="43" count="45" type="stmt"/>
        <line num="44" count="5" type="cond" truecount="4" falsecount="0"/>
        <line num="45" count="4" type="stmt"/>
        <line num="46" count="4" type="stmt"/>
        <line num="48" count="4" type="cond" truecount="2" falsecount="0"/>
        <line num="49" count="4" type="stmt"/>
        <line num="51" count="5" type="stmt"/>
        <line num="52" count="5" type="stmt"/>
        <line num="53" count="5" type="stmt"/>
        <line num="56" count="45" type="stmt"/>
        <line num="57" count="8" type="cond" truecount="2" falsecount="0"/>
        <line num="58" count="3" type="stmt"/>
        <line num="59" count="3" type="cond" truecount="1" falsecount="1"/>
        <line num="60" count="3" type="stmt"/>
        <line num="62" count="5" type="cond" truecount="2" falsecount="0"/>
        <line num="63" count="1" type="stmt"/>
        <line num="64" count="1" type="cond" truecount="1" falsecount="1"/>
        <line num="65" count="1" type="stmt"/>
        <line num="67" count="4" type="cond" truecount="1" falsecount="1"/>
        <line num="68" count="4" type="stmt"/>
        <line num="69" count="4" type="cond" truecount="2" falsecount="0"/>
        <line num="70" count="1" type="cond" truecount="1" falsecount="1"/>
        <line num="71" count="1" type="stmt"/>
        <line num="72" count="3" type="cond" truecount="1" falsecount="1"/>
        <line num="73" count="3" type="stmt"/>
        <line num="78" count="45" type="stmt"/>
        <line num="79" count="1" type="stmt"/>
        <line num="82" count="45" type="stmt"/>
        <line num="83" count="2" type="stmt"/>
        <line num="84" count="1" type="stmt"/>
        <line num="85" count="1" type="cond" truecount="1" falsecount="1"/>
        <line num="88" count="45" type="stmt"/>
        <line num="89" count="0" type="cond" truecount="0" falsecount="2"/>
        <line num="90" count="0" type="stmt"/>
        <line num="94" count="45" type="stmt"/>
        <line num="95" count="1" type="stmt"/>
        <line num="96" count="1" type="stmt"/>
        <line num="97" count="1" type="stmt"/>
        <line num="101" count="45" type="stmt"/>
        <line num="116" count="22" type="stmt"/>
        <line num="118" count="1" type="stmt"/>
        <line num="129" count="5" type="stmt"/>
        <line num="131" count="1" type="stmt"/>
      </file>
    </package>
    <package name="src.Recipe_Box">
      <metrics statements="32" coveredstatements="28" conditionals="36" coveredconditionals="28" methods="16" coveredmethods="13"/>
      <file name="Filter.js" path="C:\Users\Arya\Documents\GitHub\final-project-04-winds\src\Recipe_Box\Filter.js">
        <metrics statements="2" coveredstatements="2" conditionals="0" coveredconditionals="0" methods="1" coveredmethods="1"/>
        <line num="4" count="1" type="stmt"/>
        <line num="5" count="3" type="stmt"/>
      </file>
      <file name="IndvRecipe.js" path="C:\Users\Arya\Documents\GitHub\final-project-04-winds\src\Recipe_Box\IndvRecipe.js">
        <metrics statements="2" coveredstatements="2" conditionals="0" coveredconditionals="0" methods="1" coveredmethods="1"/>
        <line num="4" count="1" type="stmt"/>
        <line num="5" count="12" type="stmt"/>
      </file>
      <file name="RecipeBox.js" path="C:\Users\Arya\Documents\GitHub\final-project-04-winds\src\Recipe_Box\RecipeBox.js">
        <metrics statements="2" coveredstatements="2" conditionals="2" coveredconditionals="2" methods="1" coveredmethods="1"/>
        <line num="7" count="1" type="stmt"/>
        <line num="8" count="19" type="stmt"/>
      </file>
      <file name="RecipeModal.js" path="C:\Users\Arya\Documents\GitHub\final-project-04-winds\src\Recipe_Box\RecipeModal.js">
        <metrics statements="22" coveredstatements="20" conditionals="28" coveredconditionals="24" methods="10" coveredmethods="9"/>
        <line num="4" count="1" type="stmt"/>
        <line num="5" count="7" type="stmt"/>
        <line num="6" count="7" type="stmt"/>
        <line num="7" count="7" type="stmt"/>
        <line num="9" count="7" type="stmt"/>
        <line num="10" count="4" type="stmt"/>
        <line num="11" count="4" type="stmt"/>
        <line num="12" count="4" type="stmt"/>
        <line num="13" count="4" type="stmt"/>
        <line num="14" count="4" type="stmt"/>
        <line num="15" count="4" type="stmt"/>
        <line num="17" count="0" type="stmt"/>
        <line num="21" count="4" type="cond" truecount="3" falsecount="1"/>
        <line num="22" count="4" type="stmt"/>
        <line num="27" count="7" type="stmt"/>
        <line num="28" count="2" type="stmt"/>
        <line num="34" count="7" type="stmt"/>
        <line num="48" count="1" type="stmt"/>
        <line num="82" count="7" type="stmt"/>
        <line num="84" count="2" type="stmt"/>
        <line num="92" count="7" type="stmt"/>
        <line num="94" count="0" type="stmt"/>
      </file>
      <file name="Recipes.js" path="C:\Users\Arya\Documents\GitHub\final-project-04-winds\src\Recipe_Box\Recipes.js">
        <metrics statements="4" coveredstatements="2" conditionals="6" coveredconditionals="2" methods="3" coveredmethods="1"/>
        <line num="5" count="1" type="stmt"/>
        <line num="6" count="3" type="stmt"/>
        <line num="11" count="0" type="stmt"/>
        <line num="14" count="0" type="stmt"/>
      </file>
    </package>
    <package name="src.Title_Card">
      <metrics statements="6" coveredstatements="6" conditionals="0" coveredconditionals="0" methods="3" coveredmethods="3"/>
      <file name="Header.js" path="C:\Users\Arya\Documents\GitHub\final-project-04-winds\src\Title_Card\Header.js">
        <metrics statements="2" coveredstatements="2" conditionals="0" coveredconditionals="0" methods="1" coveredmethods="1"/>
        <line num="5" count="1" type="stmt"/>
        <line num="6" count="4" type="stmt"/>
      </file>
      <file name="TTS.js" path="C:\Users\Arya\Documents\GitHub\final-project-04-winds\src\Title_Card\TTS.js">
        <metrics statements="2" coveredstatements="2" conditionals="0" coveredconditionals="0" methods="1" coveredmethods="1"/>
        <line num="4" count="1" type="stmt"/>
        <line num="5" count="3" type="stmt"/>
      </file>
      <file name="TranslateBox.js" path="C:\Users\Arya\Documents\GitHub\final-project-04-winds\src\Title_Card\TranslateBox.js">
        <metrics statements="2" coveredstatements="2" conditionals="0" coveredconditionals="0" methods="1" coveredmethods="1"/>
        <line num="4" count="1" type="stmt"/>
        <line num="5" count="3" type="stmt"/>
      </file>
    </package>
  </project>
</coverage>
