{"C:\\Users\\aryaa\\Documents\\GitHub\\final-project-04-winds\\src\\Ingredient_Box\\InputBox.js": {"path":"C:\\Users\\aryaa\\Documents\\GitHub\\final-project-04-winds\\src\\Ingredient_Box\\InputBox.js","statementMap":{"0":{"start":{"line":4,"column":17},"end":{"line":8,"column":1}},"1":{"start":{"line":5,"column":2},"end":{"line":7,"column":4}}},"fnMap":{"0":{"name":"(anonymous_0)","decl":{"start":{"line":4,"column":17},"end":{"line":4,"column":18}},"loc":{"start":{"line":4,"column":23},"end":{"line":8,"column":1}},"line":4}},"branchMap":{},"s":{"0":1,"1":3},"f":{"0":3},"b":{},"_coverageSchema":"1a1c01bbd47fc00a2c39e90264f33305004495a9","hash":"0e31cbf5f841a025e8f74583eb322e5cb411fbef"}
}
