{"C:\\Users\\aryaa\\Documents\\GitHub\\final-project-04-winds\\src\\App.js": {"path":"C:\\Users\\aryaa\\Documents\\GitHub\\final-project-04-winds\\src\\App.js","statementMap":{"0":{"start":{"line":12,"column":12},"end":{"line":94,"column":1}},"1":{"start":{"line":15,"column":40},"end":{"line":15,"column":52}},"2":{"start":{"line":16,"column":32},"end":{"line":16,"column":44}},"3":{"start":{"line":17,"column":46},"end":{"line":17,"column":60}},"4":{"start":{"line":20,"column":30},"end":{"line":35,"column":3}},"5":{"start":{"line":21,"column":19},"end":{"line":21,"column":60}},"6":{"start":{"line":22,"column":29},"end":{"line":22,"column":50}},"7":{"start":{"line":23,"column":4},"end":{"line":23,"column":45}},"8":{"start":{"line":24,"column":4},"end":{"line":24,"column":63}},"9":{"start":{"line":25,"column":4},"end":{"line":34,"column":5}},"10":{"start":{"line":26,"column":23},"end":{"line":28,"column":7}},"11":{"start":{"line":29,"column":19},"end":{"line":29,"column":40}},"12":{"start":{"line":30,"column":6},"end":{"line":30,"column":23}},"13":{"start":{"line":31,"column":6},"end":{"line":31,"column":44}},"14":{"start":{"line":33,"column":6},"end":{"line":33,"column":54}},"15":{"start":{"line":38,"column":28},"end":{"line":40,"column":3}},"16":{"start":{"line":39,"column":4},"end":{"line":39,"column":30}},"17":{"start":{"line":43,"column":21},"end":{"line":45,"column":3}},"18":{"start":{"line":44,"column":4},"end":{"line":44,"column":28}},"19":{"start":{"line":47,"column":2},"end":{"line":93,"column":4}}},"fnMap":{"0":{"name":"(anonymous_0)","decl":{"start":{"line":12,"column":12},"end":{"line":12,"column":13}},"loc":{"start":{"line":12,"column":18},"end":{"line":94,"column":1}},"line":12},"1":{"name":"(anonymous_1)","decl":{"start":{"line":20,"column":30},"end":{"line":20,"column":31}},"loc":{"start":{"line":20,"column":42},"end":{"line":35,"column":3}},"line":20},"2":{"name":"(anonymous_2)","decl":{"start":{"line":38,"column":28},"end":{"line":38,"column":29}},"loc":{"start":{"line":38,"column":40},"end":{"line":40,"column":3}},"line":38},"3":{"name":"(anonymous_3)","decl":{"start":{"line":43,"column":21},"end":{"line":43,"column":22}},"loc":{"start":{"line":43,"column":27},"end":{"line":45,"column":3}},"line":43}},"branchMap":{"0":{"loc":{"start":{"line":89,"column":7},"end":{"line":91,"column":7}},"type":"binary-expr","locations":[{"start":{"line":89,"column":7},"end":{"line":89,"column":21}},{"start":{"line":90,"column":8},"end":{"line":90,"column":68}}],"line":89}},"s":{"0":1,"1":8,"2":8,"3":8,"4":8,"5":2,"6":2,"7":2,"8":2,"9":2,"10":2,"11":2,"12":2,"13":2,"14":0,"15":8,"16":1,"17":8,"18":1,"19":8},"f":{"0":8,"1":2,"2":1,"3":1},"b":{"0":[8,1]},"_coverageSchema":"1a1c01bbd47fc00a2c39e90264f33305004495a9","hash":"173b3ae5db73d8f5ebf9b795678eff03e78361ab"}
,"C:\\Users\\aryaa\\Documents\\GitHub\\final-project-04-winds\\src\\Ingredient_Box\\IngredientsBox.js": {"path":"C:\\Users\\aryaa\\Documents\\GitHub\\final-project-04-winds\\src\\Ingredient_Box\\IngredientsBox.js","statementMap":{"0":{"start":{"line":6,"column":23},"end":{"line":20,"column":1}},"1":{"start":{"line":7,"column":2},"end":{"line":19,"column":4}}},"fnMap":{"0":{"name":"(anonymous_0)","decl":{"start":{"line":6,"column":23},"end":{"line":6,"column":24}},"loc":{"start":{"line":6,"column":70},"end":{"line":20,"column":1}},"line":6}},"branchMap":{},"s":{"0":1,"1":11},"f":{"0":11},"b":{},"_coverageSchema":"1a1c01bbd47fc00a2c39e90264f33305004495a9","hash":"a60e9c65ba907e544aad9fdbff8c096a52dda555"}
,"C:\\Users\\aryaa\\Documents\\GitHub\\final-project-04-winds\\src\\Ingredient_Box\\InputBox.js": {"path":"C:\\Users\\aryaa\\Documents\\GitHub\\final-project-04-winds\\src\\Ingredient_Box\\InputBox.js","statementMap":{"0":{"start":{"line":4,"column":17},"end":{"line":137,"column":1}},"1":{"start":{"line":5,"column":17},"end":{"line":5,"column":58}},"2":{"start":{"line":6,"column":23},"end":{"line":6,"column":35}},"3":{"start":{"line":8,"column":38},"end":{"line":8,"column":50}},"4":{"start":{"line":9,"column":40},"end":{"line":9,"column":52}},"5":{"start":{"line":10,"column":64},"end":{"line":10,"column":76}},"6":{"start":{"line":13,"column":27},"end":{"line":24,"column":14}},"7":{"start":{"line":14,"column":4},"end":{"line":23,"column":5}},"8":{"start":{"line":15,"column":23},"end":{"line":17,"column":7}},"9":{"start":{"line":18,"column":19},"end":{"line":18,"column":40}},"10":{"start":{"line":19,"column":6},"end":{"line":19,"column":27}},"11":{"start":{"line":20,"column":6},"end":{"line":20,"column":37}},"12":{"start":{"line":22,"column":6},"end":{"line":22,"column":58}},"13":{"start":{"line":26,"column":2},"end":{"line":36,"column":37}},"14":{"start":{"line":27,"column":18},"end":{"line":34,"column":11}},"15":{"start":{"line":28,"column":6},"end":{"line":33,"column":7}},"16":{"start":{"line":29,"column":8},"end":{"line":29,"column":37}},"17":{"start":{"line":31,"column":8},"end":{"line":31,"column":27}},"18":{"start":{"line":32,"column":8},"end":{"line":32,"column":39}},"19":{"start":{"line":35,"column":4},"end":{"line":35,"column":37}},"20":{"start":{"line":35,"column":17},"end":{"line":35,"column":36}},"21":{"start":{"line":38,"column":28},"end":{"line":40,"column":3}},"22":{"start":{"line":39,"column":4},"end":{"line":39,"column":34}},"23":{"start":{"line":43,"column":24},"end":{"line":54,"column":3}},"24":{"start":{"line":44,"column":4},"end":{"line":50,"column":5}},"25":{"start":{"line":45,"column":33},"end":{"line":45,"column":65}},"26":{"start":{"line":46,"column":6},"end":{"line":46,"column":41}},"27":{"start":{"line":48,"column":6},"end":{"line":48,"column":69}},"28":{"start":{"line":49,"column":6},"end":{"line":49,"column":76}},"29":{"start":{"line":51,"column":4},"end":{"line":51,"column":22}},"30":{"start":{"line":52,"column":4},"end":{"line":52,"column":23}},"31":{"start":{"line":53,"column":4},"end":{"line":53,"column":35}},"32":{"start":{"line":56,"column":24},"end":{"line":76,"column":3}},"33":{"start":{"line":57,"column":4},"end":{"line":75,"column":5}},"34":{"start":{"line":58,"column":6},"end":{"line":58,"column":25}},"35":{"start":{"line":59,"column":6},"end":{"line":61,"column":7}},"36":{"start":{"line":60,"column":8},"end":{"line":60,"column":78}},"37":{"start":{"line":60,"column":45},"end":{"line":60,"column":76}},"38":{"start":{"line":62,"column":11},"end":{"line":75,"column":5}},"39":{"start":{"line":63,"column":6},"end":{"line":63,"column":25}},"40":{"start":{"line":64,"column":6},"end":{"line":66,"column":7}},"41":{"start":{"line":65,"column":8},"end":{"line":65,"column":99}},"42":{"start":{"line":65,"column":45},"end":{"line":65,"column":97}},"43":{"start":{"line":67,"column":11},"end":{"line":75,"column":5}},"44":{"start":{"line":68,"column":6},"end":{"line":68,"column":25}},"45":{"start":{"line":69,"column":6},"end":{"line":74,"column":7}},"46":{"start":{"line":70,"column":27},"end":{"line":70,"column":87}},"47":{"start":{"line":71,"column":8},"end":{"line":71,"column":52}},"48":{"start":{"line":72,"column":13},"end":{"line":74,"column":7}},"49":{"start":{"line":73,"column":8},"end":{"line":73,"column":41}},"50":{"start":{"line":78,"column":32},"end":{"line":80,"column":3}},"51":{"start":{"line":79,"column":4},"end":{"line":79,"column":35}},"52":{"start":{"line":82,"column":27},"end":{"line":86,"column":3}},"53":{"start":{"line":83,"column":31},"end":{"line":83,"column":84}},"54":{"start":{"line":83,"column":57},"end":{"line":83,"column":83}},"55":{"start":{"line":84,"column":4},"end":{"line":84,"column":39}},"56":{"start":{"line":85,"column":4},"end":{"line":85,"column":67}},"57":{"start":{"line":88,"column":22},"end":{"line":92,"column":3}},"58":{"start":{"line":89,"column":4},"end":{"line":91,"column":5}},"59":{"start":{"line":90,"column":6},"end":{"line":90,"column":35}},"60":{"start":{"line":94,"column":21},"end":{"line":99,"column":3}},"61":{"start":{"line":95,"column":4},"end":{"line":98,"column":12}},"62":{"start":{"line":96,"column":6},"end":{"line":96,"column":25}},"63":{"start":{"line":97,"column":6},"end":{"line":97,"column":37}},"64":{"start":{"line":101,"column":2},"end":{"line":136,"column":4}},"65":{"start":{"line":116,"column":14},"end":{"line":122,"column":19}},"66":{"start":{"line":118,"column":31},"end":{"line":118,"column":58}},"67":{"start":{"line":129,"column":10},"end":{"line":132,"column":16}},"68":{"start":{"line":131,"column":35},"end":{"line":131,"column":63}}},"fnMap":{"0":{"name":"(anonymous_0)","decl":{"start":{"line":4,"column":17},"end":{"line":4,"column":18}},"loc":{"start":{"line":4,"column":75},"end":{"line":137,"column":1}},"line":4},"1":{"name":"(anonymous_1)","decl":{"start":{"line":13,"column":39},"end":{"line":13,"column":40}},"loc":{"start":{"line":13,"column":56},"end":{"line":24,"column":3}},"line":13},"2":{"name":"(anonymous_2)","decl":{"start":{"line":26,"column":12},"end":{"line":26,"column":13}},"loc":{"start":{"line":26,"column":18},"end":{"line":36,"column":3}},"line":26},"3":{"name":"(anonymous_3)","decl":{"start":{"line":27,"column":29},"end":{"line":27,"column":30}},"loc":{"start":{"line":27,"column":35},"end":{"line":34,"column":5}},"line":27},"4":{"name":"(anonymous_4)","decl":{"start":{"line":35,"column":11},"end":{"line":35,"column":12}},"loc":{"start":{"line":35,"column":17},"end":{"line":35,"column":36}},"line":35},"5":{"name":"(anonymous_5)","decl":{"start":{"line":38,"column":28},"end":{"line":38,"column":29}},"loc":{"start":{"line":38,"column":35},"end":{"line":40,"column":3}},"line":38},"6":{"name":"(anonymous_6)","decl":{"start":{"line":43,"column":24},"end":{"line":43,"column":25}},"loc":{"start":{"line":43,"column":44},"end":{"line":54,"column":3}},"line":43},"7":{"name":"(anonymous_7)","decl":{"start":{"line":56,"column":24},"end":{"line":56,"column":25}},"loc":{"start":{"line":56,"column":31},"end":{"line":76,"column":3}},"line":56},"8":{"name":"(anonymous_8)","decl":{"start":{"line":60,"column":35},"end":{"line":60,"column":36}},"loc":{"start":{"line":60,"column":45},"end":{"line":60,"column":76}},"line":60},"9":{"name":"(anonymous_9)","decl":{"start":{"line":65,"column":35},"end":{"line":65,"column":36}},"loc":{"start":{"line":65,"column":45},"end":{"line":65,"column":97}},"line":65},"10":{"name":"(anonymous_10)","decl":{"start":{"line":78,"column":32},"end":{"line":78,"column":33}},"loc":{"start":{"line":78,"column":48},"end":{"line":80,"column":3}},"line":78},"11":{"name":"(anonymous_11)","decl":{"start":{"line":82,"column":27},"end":{"line":82,"column":28}},"loc":{"start":{"line":82,"column":51},"end":{"line":86,"column":3}},"line":82},"12":{"name":"(anonymous_12)","decl":{"start":{"line":83,"column":50},"end":{"line":83,"column":51}},"loc":{"start":{"line":83,"column":57},"end":{"line":83,"column":83}},"line":83},"13":{"name":"(anonymous_13)","decl":{"start":{"line":88,"column":22},"end":{"line":88,"column":23}},"loc":{"start":{"line":88,"column":28},"end":{"line":92,"column":3}},"line":88},"14":{"name":"(anonymous_14)","decl":{"start":{"line":94,"column":21},"end":{"line":94,"column":22}},"loc":{"start":{"line":94,"column":27},"end":{"line":99,"column":3}},"line":94},"15":{"name":"(anonymous_15)","decl":{"start":{"line":95,"column":15},"end":{"line":95,"column":16}},"loc":{"start":{"line":95,"column":21},"end":{"line":98,"column":5}},"line":95},"16":{"name":"(anonymous_16)","decl":{"start":{"line":115,"column":29},"end":{"line":115,"column":30}},"loc":{"start":{"line":116,"column":14},"end":{"line":122,"column":19}},"line":116},"17":{"name":"(anonymous_17)","decl":{"start":{"line":118,"column":25},"end":{"line":118,"column":26}},"loc":{"start":{"line":118,"column":31},"end":{"line":118,"column":58}},"line":118},"18":{"name":"(anonymous_18)","decl":{"start":{"line":128,"column":25},"end":{"line":128,"column":26}},"loc":{"start":{"line":129,"column":10},"end":{"line":132,"column":16}},"line":129},"19":{"name":"(anonymous_19)","decl":{"start":{"line":131,"column":29},"end":{"line":131,"column":30}},"loc":{"start":{"line":131,"column":35},"end":{"line":131,"column":63}},"line":131}},"branchMap":{"0":{"loc":{"start":{"line":28,"column":6},"end":{"line":33,"column":7}},"type":"if","locations":[{"start":{"line":28,"column":6},"end":{"line":33,"column":7}},{"start":{"line":30,"column":13},"end":{"line":33,"column":7}}],"line":28},"1":{"loc":{"start":{"line":44,"column":4},"end":{"line":50,"column":5}},"type":"if","locations":[{"start":{"line":44,"column":4},"end":{"line":50,"column":5}},{"start":{},"end":{}}],"line":44},"2":{"loc":{"start":{"line":44,"column":8},"end":{"line":44,"column":63}},"type":"binary-expr","locations":[{"start":{"line":44,"column":8},"end":{"line":44,"column":22}},{"start":{"line":44,"column":26},"end":{"line":44,"column":63}}],"line":44},"3":{"loc":{"start":{"line":48,"column":6},"end":{"line":48,"column":68}},"type":"binary-expr","locations":[{"start":{"line":48,"column":6},"end":{"line":48,"column":25}},{"start":{"line":48,"column":29},"end":{"line":48,"column":68}}],"line":48},"4":{"loc":{"start":{"line":57,"column":4},"end":{"line":75,"column":5}},"type":"if","locations":[{"start":{"line":57,"column":4},"end":{"line":75,"column":5}},{"start":{"line":62,"column":11},"end":{"line":75,"column":5}}],"line":57},"5":{"loc":{"start":{"line":59,"column":6},"end":{"line":61,"column":7}},"type":"if","locations":[{"start":{"line":59,"column":6},"end":{"line":61,"column":7}},{"start":{},"end":{}}],"line":59},"6":{"loc":{"start":{"line":62,"column":11},"end":{"line":75,"column":5}},"type":"if","locations":[{"start":{"line":62,"column":11},"end":{"line":75,"column":5}},{"start":{"line":67,"column":11},"end":{"line":75,"column":5}}],"line":62},"7":{"loc":{"start":{"line":64,"column":6},"end":{"line":66,"column":7}},"type":"if","locations":[{"start":{"line":64,"column":6},"end":{"line":66,"column":7}},{"start":{},"end":{}}],"line":64},"8":{"loc":{"start":{"line":67,"column":11},"end":{"line":75,"column":5}},"type":"if","locations":[{"start":{"line":67,"column":11},"end":{"line":75,"column":5}},{"start":{},"end":{}}],"line":67},"9":{"loc":{"start":{"line":69,"column":6},"end":{"line":74,"column":7}},"type":"if","locations":[{"start":{"line":69,"column":6},"end":{"line":74,"column":7}},{"start":{"line":72,"column":13},"end":{"line":74,"column":7}}],"line":69},"10":{"loc":{"start":{"line":70,"column":27},"end":{"line":70,"column":87}},"type":"cond-expr","locations":[{"start":{"line":70,"column":60},"end":{"line":70,"column":61}},{"start":{"line":70,"column":64},"end":{"line":70,"column":87}}],"line":70},"11":{"loc":{"start":{"line":72,"column":13},"end":{"line":74,"column":7}},"type":"if","locations":[{"start":{"line":72,"column":13},"end":{"line":74,"column":7}},{"start":{},"end":{}}],"line":72},"12":{"loc":{"start":{"line":85,"column":4},"end":{"line":85,"column":66}},"type":"binary-expr","locations":[{"start":{"line":85,"column":4},"end":{"line":85,"column":23}},{"start":{"line":85,"column":27},"end":{"line":85,"column":66}}],"line":85},"13":{"loc":{"start":{"line":89,"column":4},"end":{"line":91,"column":5}},"type":"if","locations":[{"start":{"line":89,"column":4},"end":{"line":91,"column":5}},{"start":{},"end":{}}],"line":89},"14":{"loc":{"start":{"line":113,"column":9},"end":{"line":125,"column":9}},"type":"binary-expr","locations":[{"start":{"line":113,"column":9},"end":{"line":113,"column":31}},{"start":{"line":114,"column":10},"end":{"line":124,"column":15}}],"line":113},"15":{"loc":{"start":{"line":117,"column":21},"end":{"line":117,"column":37}},"type":"binary-expr","locations":[{"start":{"line":117,"column":21},"end":{"line":117,"column":28}},{"start":{"line":117,"column":32},"end":{"line":117,"column":37}}],"line":117},"16":{"loc":{"start":{"line":119,"column":27},"end":{"line":119,"column":76}},"type":"cond-expr","locations":[{"start":{"line":119,"column":63},"end":{"line":119,"column":71}},{"start":{"line":119,"column":74},"end":{"line":119,"column":76}}],"line":119}},"s":{"0":1,"1":15,"2":15,"3":15,"4":15,"5":15,"6":15,"7":1,"8":1,"9":0,"10":0,"11":0,"12":0,"13":15,"14":15,"15":0,"16":0,"17":0,"18":0,"19":15,"20":15,"21":15,"22":4,"23":15,"24":2,"25":2,"26":2,"27":2,"28":2,"29":2,"30":2,"31":2,"32":15,"33":2,"34":0,"35":0,"36":0,"37":0,"38":2,"39":0,"40":0,"41":0,"42":0,"43":2,"44":2,"45":2,"46":0,"47":0,"48":2,"49":2,"50":15,"51":0,"52":15,"53":1,"54":2,"55":1,"56":1,"57":15,"58":1,"59":1,"60":15,"61":0,"62":0,"63":0,"64":15,"65":0,"66":0,"67":2,"68":1},"f":{"0":15,"1":1,"2":15,"3":0,"4":15,"5":4,"6":2,"7":2,"8":0,"9":0,"10":0,"11":1,"12":2,"13":1,"14":0,"15":0,"16":0,"17":0,"18":2,"19":1},"b":{"0":[0,0],"1":[2,0],"2":[2,2],"3":[2,1],"4":[0,2],"5":[0,0],"6":[0,2],"7":[0,0],"8":[2,0],"9":[0,2],"10":[0,0],"11":[2,0],"12":[1,0],"13":[1,0],"14":[15,0],"15":[0,0],"16":[0,0]},"_coverageSchema":"1a1c01bbd47fc00a2c39e90264f33305004495a9","hash":"555e590d817170b04a3e936f827da9004b039439"}
,"C:\\Users\\aryaa\\Documents\\GitHub\\final-project-04-winds\\src\\Recipe_Box\\Filter.js": {"path":"C:\\Users\\aryaa\\Documents\\GitHub\\final-project-04-winds\\src\\Recipe_Box\\Filter.js","statementMap":{"0":{"start":{"line":4,"column":15},"end":{"line":13,"column":1}},"1":{"start":{"line":5,"column":2},"end":{"line":12,"column":4}}},"fnMap":{"0":{"name":"(anonymous_0)","decl":{"start":{"line":4,"column":15},"end":{"line":4,"column":16}},"loc":{"start":{"line":4,"column":21},"end":{"line":13,"column":1}},"line":4}},"branchMap":{},"s":{"0":1,"1":3},"f":{"0":3},"b":{},"_coverageSchema":"1a1c01bbd47fc00a2c39e90264f33305004495a9","hash":"aa69433756bb4cc3b4258f345d34b0cd50fb4732"}
,"C:\\Users\\aryaa\\Documents\\GitHub\\final-project-04-winds\\src\\Recipe_Box\\IndvRecipe.js": {"path":"C:\\Users\\aryaa\\Documents\\GitHub\\final-project-04-winds\\src\\Recipe_Box\\IndvRecipe.js","statementMap":{"0":{"start":{"line":4,"column":21},"end":{"line":16,"column":1}},"1":{"start":{"line":5,"column":2},"end":{"line":15,"column":4}}},"fnMap":{"0":{"name":"(anonymous_0)","decl":{"start":{"line":4,"column":21},"end":{"line":4,"column":22}},"loc":{"start":{"line":4,"column":46},"end":{"line":16,"column":1}},"line":4}},"branchMap":{},"s":{"0":1,"1":6},"f":{"0":6},"b":{},"_coverageSchema":"1a1c01bbd47fc00a2c39e90264f33305004495a9","hash":"651c281cea34b0056325d0ae5f8338c1722bf639"}
,"C:\\Users\\aryaa\\Documents\\GitHub\\final-project-04-winds\\src\\Recipe_Box\\RecipeBox.js": {"path":"C:\\Users\\aryaa\\Documents\\GitHub\\final-project-04-winds\\src\\Recipe_Box\\RecipeBox.js","statementMap":{"0":{"start":{"line":7,"column":18},"end":{"line":21,"column":1}},"1":{"start":{"line":8,"column":2},"end":{"line":20,"column":4}}},"fnMap":{"0":{"name":"(anonymous_0)","decl":{"start":{"line":7,"column":18},"end":{"line":7,"column":19}},"loc":{"start":{"line":7,"column":78},"end":{"line":21,"column":1}},"line":7}},"branchMap":{"0":{"loc":{"start":{"line":14,"column":7},"end":{"line":18,"column":7}},"type":"binary-expr","locations":[{"start":{"line":14,"column":7},"end":{"line":14,"column":21}},{"start":{"line":15,"column":8},"end":{"line":17,"column":14}}],"line":14}},"s":{"0":1,"1":4},"f":{"0":4},"b":{"0":[4,0]},"_coverageSchema":"1a1c01bbd47fc00a2c39e90264f33305004495a9","hash":"09ab9e27cb9241917aa2cae24cb954c904529cd6"}
,"C:\\Users\\aryaa\\Documents\\GitHub\\final-project-04-winds\\src\\Recipe_Box\\RecipeModal.js": {"path":"C:\\Users\\aryaa\\Documents\\GitHub\\final-project-04-winds\\src\\Recipe_Box\\RecipeModal.js","statementMap":{"0":{"start":{"line":4,"column":20},"end":{"line":108,"column":1}},"1":{"start":{"line":5,"column":17},"end":{"line":5,"column":58}},"2":{"start":{"line":6,"column":38},"end":{"line":6,"column":52}},"3":{"start":{"line":7,"column":54},"end":{"line":7,"column":66}},"4":{"start":{"line":9,"column":2},"end":{"line":24,"column":23}},"5":{"start":{"line":10,"column":28},"end":{"line":19,"column":5}},"6":{"start":{"line":11,"column":6},"end":{"line":18,"column":7}},"7":{"start":{"line":12,"column":20},"end":{"line":12,"column":121}},"8":{"start":{"line":13,"column":25},"end":{"line":13,"column":41}},"9":{"start":{"line":14,"column":21},"end":{"line":14,"column":42}},"10":{"start":{"line":15,"column":8},"end":{"line":15,"column":28}},"11":{"start":{"line":17,"column":8},"end":{"line":17,"column":60}},"12":{"start":{"line":21,"column":4},"end":{"line":23,"column":5}},"13":{"start":{"line":22,"column":6},"end":{"line":22,"column":24}},"14":{"start":{"line":27,"column":32},"end":{"line":32,"column":3}},"15":{"start":{"line":28,"column":4},"end":{"line":31,"column":8}},"16":{"start":{"line":28,"column":42},"end":{"line":31,"column":5}},"17":{"start":{"line":34,"column":2},"end":{"line":107,"column":4}},"18":{"start":{"line":48,"column":57},"end":{"line":48,"column":92}},"19":{"start":{"line":82,"column":20},"end":{"line":89,"column":25}},"20":{"start":{"line":84,"column":39},"end":{"line":84,"column":70}},"21":{"start":{"line":92,"column":20},"end":{"line":99,"column":25}},"22":{"start":{"line":94,"column":39},"end":{"line":94,"column":70}}},"fnMap":{"0":{"name":"(anonymous_0)","decl":{"start":{"line":4,"column":20},"end":{"line":4,"column":21}},"loc":{"start":{"line":4,"column":45},"end":{"line":108,"column":1}},"line":4},"1":{"name":"(anonymous_1)","decl":{"start":{"line":9,"column":12},"end":{"line":9,"column":13}},"loc":{"start":{"line":9,"column":18},"end":{"line":24,"column":3}},"line":9},"2":{"name":"(anonymous_2)","decl":{"start":{"line":10,"column":28},"end":{"line":10,"column":29}},"loc":{"start":{"line":10,"column":40},"end":{"line":19,"column":5}},"line":10},"3":{"name":"(anonymous_3)","decl":{"start":{"line":27,"column":32},"end":{"line":27,"column":33}},"loc":{"start":{"line":27,"column":52},"end":{"line":32,"column":3}},"line":27},"4":{"name":"(anonymous_4)","decl":{"start":{"line":28,"column":26},"end":{"line":28,"column":27}},"loc":{"start":{"line":28,"column":42},"end":{"line":31,"column":5}},"line":28},"5":{"name":"(anonymous_5)","decl":{"start":{"line":48,"column":52},"end":{"line":48,"column":53}},"loc":{"start":{"line":48,"column":57},"end":{"line":48,"column":92}},"line":48},"6":{"name":"(anonymous_6)","decl":{"start":{"line":81,"column":74},"end":{"line":81,"column":75}},"loc":{"start":{"line":82,"column":20},"end":{"line":89,"column":25}},"line":82},"7":{"name":"(anonymous_7)","decl":{"start":{"line":84,"column":33},"end":{"line":84,"column":34}},"loc":{"start":{"line":84,"column":39},"end":{"line":84,"column":70}},"line":84},"8":{"name":"(anonymous_8)","decl":{"start":{"line":91,"column":78},"end":{"line":91,"column":79}},"loc":{"start":{"line":92,"column":20},"end":{"line":99,"column":25}},"line":92},"9":{"name":"(anonymous_9)","decl":{"start":{"line":94,"column":33},"end":{"line":94,"column":34}},"loc":{"start":{"line":94,"column":39},"end":{"line":94,"column":70}},"line":94}},"branchMap":{"0":{"loc":{"start":{"line":21,"column":4},"end":{"line":23,"column":5}},"type":"if","locations":[{"start":{"line":21,"column":4},"end":{"line":23,"column":5}},{"start":{},"end":{}}],"line":21},"1":{"loc":{"start":{"line":21,"column":8},"end":{"line":21,"column":27}},"type":"binary-expr","locations":[{"start":{"line":21,"column":8},"end":{"line":21,"column":14}},{"start":{"line":21,"column":18},"end":{"line":21,"column":27}}],"line":21},"2":{"loc":{"start":{"line":43,"column":27},"end":{"line":43,"column":176}},"type":"cond-expr","locations":[{"start":{"line":43,"column":69},"end":{"line":43,"column":107}},{"start":{"line":43,"column":110},"end":{"line":43,"column":176}}],"line":43},"3":{"loc":{"start":{"line":43,"column":27},"end":{"line":43,"column":66}},"type":"binary-expr","locations":[{"start":{"line":43,"column":27},"end":{"line":43,"column":37}},{"start":{"line":43,"column":41},"end":{"line":43,"column":66}}],"line":43},"4":{"loc":{"start":{"line":43,"column":110},"end":{"line":43,"column":176}},"type":"cond-expr","locations":[{"start":{"line":43,"column":134},"end":{"line":43,"column":168}},{"start":{"line":43,"column":171},"end":{"line":43,"column":176}}],"line":43},"5":{"loc":{"start":{"line":47,"column":13},"end":{"line":49,"column":21}},"type":"cond-expr","locations":[{"start":{"line":48,"column":16},"end":{"line":48,"column":101}},{"start":{"line":49,"column":16},"end":{"line":49,"column":21}}],"line":47},"6":{"loc":{"start":{"line":47,"column":13},"end":{"line":47,"column":47}},"type":"binary-expr","locations":[{"start":{"line":47,"column":13},"end":{"line":47,"column":23}},{"start":{"line":47,"column":27},"end":{"line":47,"column":47}}],"line":47},"7":{"loc":{"start":{"line":58,"column":14},"end":{"line":64,"column":13}},"type":"cond-expr","locations":[{"start":{"line":59,"column":14},"end":{"line":59,"column":44}},{"start":{"line":60,"column":16},"end":{"line":64,"column":13}}],"line":58},"8":{"loc":{"start":{"line":60,"column":16},"end":{"line":64,"column":13}},"type":"cond-expr","locations":[{"start":{"line":61,"column":14},"end":{"line":61,"column":83}},{"start":{"line":63,"column":14},"end":{"line":63,"column":48}}],"line":60},"9":{"loc":{"start":{"line":69,"column":13},"end":{"line":77,"column":13}},"type":"binary-expr","locations":[{"start":{"line":69,"column":13},"end":{"line":69,"column":25}},{"start":{"line":70,"column":14},"end":{"line":76,"column":20}}],"line":69},"10":{"loc":{"start":{"line":81,"column":21},"end":{"line":90,"column":22}},"type":"binary-expr","locations":[{"start":{"line":81,"column":21},"end":{"line":81,"column":43}},{"start":{"line":81,"column":47},"end":{"line":90,"column":22}}],"line":81},"11":{"loc":{"start":{"line":85,"column":35},"end":{"line":85,"column":101}},"type":"cond-expr","locations":[{"start":{"line":85,"column":66},"end":{"line":85,"column":86}},{"start":{"line":85,"column":89},"end":{"line":85,"column":101}}],"line":85},"12":{"loc":{"start":{"line":91,"column":21},"end":{"line":100,"column":22}},"type":"binary-expr","locations":[{"start":{"line":91,"column":21},"end":{"line":91,"column":45}},{"start":{"line":91,"column":49},"end":{"line":100,"column":22}}],"line":91},"13":{"loc":{"start":{"line":95,"column":35},"end":{"line":95,"column":101}},"type":"cond-expr","locations":[{"start":{"line":95,"column":66},"end":{"line":95,"column":86}},{"start":{"line":95,"column":89},"end":{"line":95,"column":101}}],"line":95}},"s":{"0":2,"1":7,"2":7,"3":7,"4":7,"5":4,"6":4,"7":4,"8":4,"9":4,"10":4,"11":0,"12":4,"13":4,"14":7,"15":2,"16":2,"17":7,"18":1,"19":7,"20":2,"21":7,"22":0},"f":{"0":7,"1":4,"2":4,"3":2,"4":2,"5":1,"6":7,"7":2,"8":7,"9":0},"b":{"0":[4,0],"1":[4,4],"2":[1,6],"3":[7,1],"4":[6,0],"5":[1,6],"6":[7,1],"7":[6,1],"8":[1,0],"9":[7,7],"10":[7,7],"11":[1,6],"12":[7,7],"13":[0,7]},"_coverageSchema":"1a1c01bbd47fc00a2c39e90264f33305004495a9","hash":"e9cf54e4e184f0a23021f694e9a81be0ec6ec61c"}
,"C:\\Users\\aryaa\\Documents\\GitHub\\final-project-04-winds\\src\\Recipe_Box\\Recipes.js": {"path":"C:\\Users\\aryaa\\Documents\\GitHub\\final-project-04-winds\\src\\Recipe_Box\\Recipes.js","statementMap":{"0":{"start":{"line":5,"column":16},"end":{"line":22,"column":1}},"1":{"start":{"line":6,"column":2},"end":{"line":21,"column":4}},"2":{"start":{"line":11,"column":10},"end":{"line":15,"column":12}},"3":{"start":{"line":14,"column":25},"end":{"line":14,"column":46}}},"fnMap":{"0":{"name":"(anonymous_0)","decl":{"start":{"line":5,"column":16},"end":{"line":5,"column":17}},"loc":{"start":{"line":5,"column":48},"end":{"line":22,"column":1}},"line":5},"1":{"name":"(anonymous_1)","decl":{"start":{"line":10,"column":20},"end":{"line":10,"column":21}},"loc":{"start":{"line":11,"column":10},"end":{"line":15,"column":12}},"line":11},"2":{"name":"(anonymous_2)","decl":{"start":{"line":14,"column":19},"end":{"line":14,"column":20}},"loc":{"start":{"line":14,"column":25},"end":{"line":14,"column":46}},"line":14}},"branchMap":{"0":{"loc":{"start":{"line":9,"column":7},"end":{"line":19,"column":7}},"type":"cond-expr","locations":[{"start":{"line":10,"column":8},"end":{"line":16,"column":10}},{"start":{"line":18,"column":8},"end":{"line":18,"column":99}}],"line":9},"1":{"loc":{"start":{"line":9,"column":7},"end":{"line":9,"column":36}},"type":"binary-expr","locations":[{"start":{"line":9,"column":7},"end":{"line":9,"column":14}},{"start":{"line":9,"column":18},"end":{"line":9,"column":36}}],"line":9},"2":{"loc":{"start":{"line":12,"column":15},"end":{"line":12,"column":33}},"type":"binary-expr","locations":[{"start":{"line":12,"column":15},"end":{"line":12,"column":24}},{"start":{"line":12,"column":28},"end":{"line":12,"column":33}}],"line":12}},"s":{"0":1,"1":3,"2":0,"3":0},"f":{"0":3,"1":0,"2":0},"b":{"0":[0,3],"1":[3,0],"2":[0,0]},"_coverageSchema":"1a1c01bbd47fc00a2c39e90264f33305004495a9","hash":"2894147ab1e0afeef879ef305e7672709a334f64"}
,"C:\\Users\\aryaa\\Documents\\GitHub\\final-project-04-winds\\src\\Title_Card\\Header.js": {"path":"C:\\Users\\aryaa\\Documents\\GitHub\\final-project-04-winds\\src\\Title_Card\\Header.js","statementMap":{"0":{"start":{"line":5,"column":15},"end":{"line":11,"column":3}},"1":{"start":{"line":6,"column":4},"end":{"line":10,"column":6}}},"fnMap":{"0":{"name":"(anonymous_0)","decl":{"start":{"line":5,"column":15},"end":{"line":5,"column":16}},"loc":{"start":{"line":5,"column":21},"end":{"line":11,"column":3}},"line":5}},"branchMap":{},"s":{"0":1,"1":4},"f":{"0":4},"b":{},"_coverageSchema":"1a1c01bbd47fc00a2c39e90264f33305004495a9","hash":"c26e79118dd231f54284b4468364b8f31ca57bde"}
,"C:\\Users\\aryaa\\Documents\\GitHub\\final-project-04-winds\\src\\Title_Card\\TTS.js": {"path":"C:\\Users\\aryaa\\Documents\\GitHub\\final-project-04-winds\\src\\Title_Card\\TTS.js","statementMap":{"0":{"start":{"line":4,"column":12},"end":{"line":13,"column":1}},"1":{"start":{"line":5,"column":2},"end":{"line":12,"column":4}}},"fnMap":{"0":{"name":"(anonymous_0)","decl":{"start":{"line":4,"column":12},"end":{"line":4,"column":13}},"loc":{"start":{"line":4,"column":18},"end":{"line":13,"column":1}},"line":4}},"branchMap":{},"s":{"0":1,"1":3},"f":{"0":3},"b":{},"_coverageSchema":"1a1c01bbd47fc00a2c39e90264f33305004495a9","hash":"4fe70ded6f1128ea75e82fabd8daf6fe1fdfa80a"}
,"C:\\Users\\aryaa\\Documents\\GitHub\\final-project-04-winds\\src\\Title_Card\\TranslateBox.js": {"path":"C:\\Users\\aryaa\\Documents\\GitHub\\final-project-04-winds\\src\\Title_Card\\TranslateBox.js","statementMap":{"0":{"start":{"line":4,"column":21},"end":{"line":13,"column":1}},"1":{"start":{"line":5,"column":2},"end":{"line":12,"column":4}}},"fnMap":{"0":{"name":"(anonymous_0)","decl":{"start":{"line":4,"column":21},"end":{"line":4,"column":22}},"loc":{"start":{"line":4,"column":27},"end":{"line":13,"column":1}},"line":4}},"branchMap":{},"s":{"0":1,"1":3},"f":{"0":3},"b":{},"_coverageSchema":"1a1c01bbd47fc00a2c39e90264f33305004495a9","hash":"aa9b0089f248346ff45c1ed3b5db817315b115c9"}
}
