TN:
SF:src\App.js
FN:12,(anonymous_0)
FN:20,(anonymous_1)
FN:38,(anonymous_2)
FN:43,(anonymous_3)
FNF:4
FNH:1
FNDA:3,(anonymous_0)
FNDA:0,(anonymous_1)
FNDA:0,(anonymous_2)
FNDA:0,(anonymous_3)
DA:12,1
DA:15,3
DA:16,3
DA:17,3
DA:20,3
DA:21,0
DA:22,0
DA:23,0
DA:24,0
DA:25,0
DA:26,0
DA:29,0
DA:30,0
DA:31,0
DA:33,0
DA:38,3
DA:39,0
DA:43,3
DA:44,0
DA:47,3
LF:20
LH:8
BRDA:89,0,0,3
BRDA:89,0,1,0
BRF:2
BRH:1
end_of_record
TN:
SF:src\GlobalStyle.js
FNF:0
FNH:0
DA:4,0
LF:1
LH:0
BRF:0
BRH:0
end_of_record
TN:
SF:src\index.js
FNF:0
FNH:0
DA:7,0
DA:8,0
DA:17,0
LF:3
LH:0
BRF:0
BRH:0
end_of_record
TN:
SF:src\reportWebVitals.js
FN:1,(anonymous_0)
FN:3,(anonymous_1)
FNF:2
FNH:0
FNDA:0,(anonymous_0)
FNDA:0,(anonymous_1)
DA:1,0
DA:2,0
DA:3,0
DA:4,0
DA:5,0
DA:6,0
DA:7,0
DA:8,0
LF:8
LH:0
BRDA:2,0,0,0
BRDA:2,0,1,0
BRDA:2,1,0,0
BRDA:2,1,1,0
BRF:4
BRH:0
end_of_record
TN:
SF:src\Ingredient_Box\IngredientsBox.js
FN:6,(anonymous_0)
FNF:1
FNH:1
FNDA:4,(anonymous_0)
DA:6,1
DA:7,4
LF:2
LH:2
BRF:0
BRH:0
end_of_record
TN:
SF:src\Ingredient_Box\InputBox.js
FN:4,(anonymous_0)
FN:13,(anonymous_1)
FN:26,(anonymous_2)
FN:27,(anonymous_3)
FN:35,(anonymous_4)
FN:38,(anonymous_5)
FN:43,(anonymous_6)
FN:56,(anonymous_7)
FN:60,(anonymous_8)
FN:65,(anonymous_9)
FN:78,(anonymous_10)
FN:82,(anonymous_11)
FN:83,(anonymous_12)
FN:88,(anonymous_13)
FN:94,(anonymous_14)
FN:95,(anonymous_15)
FN:115,(anonymous_16)
FN:118,(anonymous_17)
FN:128,(anonymous_18)
FN:131,(anonymous_19)
FNF:20
FNH:12
FNDA:15,(anonymous_0)
FNDA:1,(anonymous_1)
FNDA:15,(anonymous_2)
FNDA:0,(anonymous_3)
FNDA:15,(anonymous_4)
FNDA:4,(anonymous_5)
FNDA:2,(anonymous_6)
FNDA:2,(anonymous_7)
FNDA:0,(anonymous_8)
FNDA:0,(anonymous_9)
FNDA:0,(anonymous_10)
FNDA:1,(anonymous_11)
FNDA:2,(anonymous_12)
FNDA:1,(anonymous_13)
FNDA:0,(anonymous_14)
FNDA:0,(anonymous_15)
FNDA:0,(anonymous_16)
FNDA:0,(anonymous_17)
FNDA:2,(anonymous_18)
FNDA:1,(anonymous_19)
DA:4,1
DA:5,15
DA:6,15
DA:8,15
DA:9,15
DA:10,15
DA:13,15
DA:14,1
DA:15,1
DA:18,0
DA:19,0
DA:20,0
DA:22,0
DA:26,15
DA:27,15
DA:28,0
DA:29,0
DA:31,0
DA:32,0
DA:35,15
DA:38,15
DA:39,4
DA:43,15
DA:44,2
DA:45,2
DA:46,2
DA:48,2
DA:49,2
DA:51,2
DA:52,2
DA:53,2
DA:56,15
DA:57,2
DA:58,0
DA:59,0
DA:60,0
DA:62,2
DA:63,0
DA:64,0
DA:65,0
DA:67,2
DA:68,2
DA:69,2
DA:70,0
DA:71,0
DA:72,2
DA:73,2
DA:78,15
DA:79,0
DA:82,15
DA:83,2
DA:84,1
DA:85,1
DA:88,15
DA:89,1
DA:90,1
DA:94,15
DA:95,0
DA:96,0
DA:97,0
DA:101,15
DA:116,0
DA:118,0
DA:129,2
DA:131,1
LF:65
LH:43
BRDA:28,0,0,0
BRDA:28,0,1,0
BRDA:44,1,0,2
BRDA:44,1,1,0
BRDA:44,2,0,2
BRDA:44,2,1,2
BRDA:48,3,0,2
BRDA:48,3,1,1
BRDA:57,4,0,0
BRDA:57,4,1,2
BRDA:59,5,0,0
BRDA:59,5,1,0
BRDA:62,6,0,0
BRDA:62,6,1,2
BRDA:64,7,0,0
BRDA:64,7,1,0
BRDA:67,8,0,2
BRDA:67,8,1,0
BRDA:69,9,0,0
BRDA:69,9,1,2
BRDA:70,10,0,0
BRDA:70,10,1,0
BRDA:72,11,0,2
BRDA:72,11,1,0
BRDA:85,12,0,1
BRDA:85,12,1,0
BRDA:89,13,0,1
BRDA:89,13,1,0
BRDA:113,14,0,15
BRDA:113,14,1,0
BRDA:117,15,0,0
BRDA:117,15,1,0
BRDA:119,16,0,0
BRDA:119,16,1,0
BRF:34
BRH:13
end_of_record
TN:
SF:src\Recipe_Box\Filter.js
FN:4,(anonymous_0)
FNF:1
FNH:1
FNDA:3,(anonymous_0)
DA:4,1
DA:5,3
LF:2
LH:2
BRF:0
BRH:0
end_of_record
TN:
SF:src\Recipe_Box\IndvRecipe.js
FN:4,(anonymous_0)
FNF:1
FNH:1
FNDA:6,(anonymous_0)
DA:4,1
DA:5,6
LF:2
LH:2
BRF:0
BRH:0
end_of_record
TN:
SF:src\Recipe_Box\RecipeBox.js
FN:7,(anonymous_0)
FNF:1
FNH:1
FNDA:4,(anonymous_0)
DA:7,1
DA:8,4
LF:2
LH:2
BRDA:14,0,0,4
BRDA:14,0,1,0
BRF:2
BRH:1
end_of_record
TN:
SF:src\Recipe_Box\RecipeModal.js
FN:4,(anonymous_0)
FN:9,(anonymous_1)
FN:10,(anonymous_2)
FN:27,(anonymous_3)
FN:28,(anonymous_4)
FN:48,(anonymous_5)
FN:81,(anonymous_6)
FN:84,(anonymous_7)
FN:91,(anonymous_8)
FN:94,(anonymous_9)
FNF:10
FNH:0
FNDA:0,(anonymous_0)
FNDA:0,(anonymous_1)
FNDA:0,(anonymous_2)
FNDA:0,(anonymous_3)
FNDA:0,(anonymous_4)
FNDA:0,(anonymous_5)
FNDA:0,(anonymous_6)
FNDA:0,(anonymous_7)
FNDA:0,(anonymous_8)
FNDA:0,(anonymous_9)
DA:4,2
DA:5,0
DA:6,0
DA:7,0
DA:9,0
DA:10,0
DA:11,0
DA:12,0
DA:13,0
DA:14,0
DA:15,0
DA:17,0
DA:21,0
DA:22,0
DA:27,0
DA:28,0
DA:34,0
DA:48,0
DA:82,0
DA:84,0
DA:92,0
DA:94,0
LF:22
LH:1
BRDA:21,0,0,0
BRDA:21,0,1,0
BRDA:21,1,0,0
BRDA:21,1,1,0
BRDA:43,2,0,0
BRDA:43,2,1,0
BRDA:43,3,0,0
BRDA:43,3,1,0
BRDA:43,4,0,0
BRDA:43,4,1,0
BRDA:47,5,0,0
BRDA:47,5,1,0
BRDA:47,6,0,0
BRDA:47,6,1,0
BRDA:58,7,0,0
BRDA:58,7,1,0
BRDA:60,8,0,0
BRDA:60,8,1,0
BRDA:69,9,0,0
BRDA:69,9,1,0
BRDA:81,10,0,0
BRDA:81,10,1,0
BRDA:85,11,0,0
BRDA:85,11,1,0
BRDA:91,12,0,0
BRDA:91,12,1,0
BRDA:95,13,0,0
BRDA:95,13,1,0
BRF:28
BRH:0
end_of_record
TN:
SF:src\Recipe_Box\Recipes.js
FN:5,(anonymous_0)
FN:10,(anonymous_1)
FN:14,(anonymous_2)
FNF:3
FNH:1
FNDA:3,(anonymous_0)
FNDA:0,(anonymous_1)
FNDA:0,(anonymous_2)
DA:5,1
DA:6,3
DA:11,0
DA:14,0
LF:4
LH:2
BRDA:9,0,0,0
BRDA:9,0,1,3
BRDA:9,1,0,3
BRDA:9,1,1,0
BRDA:12,2,0,0
BRDA:12,2,1,0
BRF:6
BRH:2
end_of_record
TN:
SF:src\Title_Card\Header.js
FN:5,(anonymous_0)
FNF:1
FNH:1
FNDA:4,(anonymous_0)
DA:5,1
DA:6,4
LF:2
LH:2
BRF:0
BRH:0
end_of_record
TN:
SF:src\Title_Card\TTS.js
FN:4,(anonymous_0)
FNF:1
FNH:1
FNDA:3,(anonymous_0)
DA:4,1
DA:5,3
LF:2
LH:2
BRF:0
BRH:0
end_of_record
TN:
SF:src\Title_Card\TranslateBox.js
FN:4,(anonymous_0)
FNF:1
FNH:1
FNDA:3,(anonymous_0)
DA:4,1
DA:5,3
LF:2
LH:2
BRF:0
BRH:0
end_of_record
