TN:
SF:src\App.js
FN:12,(anonymous_0)
FN:24,(anonymous_1)
FN:40,(anonymous_2)
FN:48,(anonymous_3)
FN:49,(anonymous_4)
FN:50,(anonymous_5)
FN:70,(anonymous_6)
FN:71,(anonymous_7)
FN:75,(anonymous_8)
FN:90,(anonymous_9)
FN:95,(anonymous_10)
FN:100,(anonymous_11)
FN:101,(anonymous_12)
FN:105,(anonymous_13)
FN:107,(anonymous_14)
FN:109,(anonymous_15)
FNF:16
FNH:16
FNDA:36,(anonymous_0)
FNDA:6,(anonymous_1)
FNDA:2,(anonymous_2)
FNDA:1,(anonymous_3)
FNDA:1,(anonymous_4)
FNDA:1,(anonymous_5)
FNDA:1,(anonymous_6)
FNDA:2,(anonymous_7)
FNDA:1,(anonymous_8)
FNDA:1,(anonymous_9)
FNDA:1,(anonymous_10)
FNDA:6,(anonymous_11)
FNDA:6,(anonymous_12)
FNDA:12,(anonymous_13)
FNDA:12,(anonymous_14)
FNDA:5,(anonymous_15)
DA:12,1
DA:15,36
DA:16,36
DA:17,36
DA:18,36
DA:19,36
DA:20,36
DA:24,36
DA:25,6
DA:26,6
DA:27,6
DA:28,6
DA:29,6
DA:30,6
DA:33,6
DA:34,6
DA:37,4
DA:39,4
DA:40,2
DA:41,2
DA:44,2
DA:47,2
DA:48,1
DA:49,1
DA:50,1
DA:51,1
DA:58,2
DA:59,1
DA:61,1
DA:70,1
DA:71,2
DA:75,2
DA:82,4
DA:83,4
DA:85,2
DA:90,36
DA:91,1
DA:95,36
DA:96,1
DA:100,36
DA:101,6
DA:105,36
DA:106,12
DA:107,12
DA:108,12
DA:109,5
DA:111,7
DA:117,36
LF:48
LH:48
BRDA:39,0,0,2
BRDA:39,0,1,2
BRDA:39,1,0,4
BRDA:39,1,1,3
BRDA:47,2,0,1
BRDA:47,2,1,1
BRDA:58,3,0,1
BRDA:58,3,1,1
BRDA:108,4,0,5
BRDA:108,4,1,7
BRDA:161,5,0,36
BRDA:161,5,1,1
BRF:12
BRH:12
end_of_record
TN:
SF:src\GlobalStyle.js
FNF:0
FNH:0
DA:4,0
LF:1
LH:0
BRF:0
BRH:0
end_of_record
TN:
SF:src\index.js
FNF:0
FNH:0
DA:7,0
DA:8,0
DA:17,0
LF:3
LH:0
BRF:0
BRH:0
end_of_record
TN:
SF:src\reportWebVitals.js
FN:1,(anonymous_0)
FN:3,(anonymous_1)
FNF:2
FNH:0
FNDA:0,(anonymous_0)
FNDA:0,(anonymous_1)
DA:1,0
DA:2,0
DA:3,0
DA:4,0
DA:5,0
DA:6,0
DA:7,0
DA:8,0
LF:8
LH:0
BRDA:2,0,0,0
BRDA:2,0,1,0
BRDA:2,1,0,0
BRDA:2,1,1,0
BRF:4
BRH:0
end_of_record
TN:
SF:src\Ingredient_Box\IngredientsBox.js
FN:6,(anonymous_0)
FNF:1
FNH:1
FNDA:11,(anonymous_0)
DA:6,1
DA:7,11
LF:2
LH:2
BRF:0
BRH:0
end_of_record
TN:
SF:src\Ingredient_Box\InputBox.js
FN:4,(anonymous_0)
FN:13,(anonymous_1)
FN:26,(anonymous_2)
FN:27,(anonymous_3)
FN:35,(anonymous_4)
FN:38,(anonymous_5)
FN:43,(anonymous_6)
FN:56,(anonymous_7)
FN:60,(anonymous_8)
FN:65,(anonymous_9)
FN:78,(anonymous_10)
FN:82,(anonymous_11)
FN:83,(anonymous_12)
FN:88,(anonymous_13)
FN:94,(anonymous_14)
FN:95,(anonymous_15)
FN:115,(anonymous_16)
FN:118,(anonymous_17)
FN:128,(anonymous_18)
FN:131,(anonymous_19)
FNF:20
FNH:19
FNDA:45,(anonymous_0)
FNDA:7,(anonymous_1)
FNDA:33,(anonymous_2)
FNDA:8,(anonymous_3)
FNDA:33,(anonymous_4)
FNDA:12,(anonymous_5)
FNDA:5,(anonymous_6)
FNDA:8,(anonymous_7)
FNDA:3,(anonymous_8)
FNDA:1,(anonymous_9)
FNDA:1,(anonymous_10)
FNDA:1,(anonymous_11)
FNDA:2,(anonymous_12)
FNDA:0,(anonymous_13)
FNDA:1,(anonymous_14)
FNDA:1,(anonymous_15)
FNDA:22,(anonymous_16)
FNDA:1,(anonymous_17)
FNDA:5,(anonymous_18)
FNDA:1,(anonymous_19)
DA:4,1
DA:5,45
DA:6,45
DA:8,45
DA:9,45
DA:10,45
DA:13,45
DA:14,7
DA:15,7
DA:18,6
DA:19,6
DA:20,6
DA:22,1
DA:26,45
DA:27,33
DA:28,8
DA:29,7
DA:31,1
DA:32,1
DA:35,33
DA:38,45
DA:39,12
DA:43,45
DA:44,5
DA:45,4
DA:46,4
DA:48,4
DA:49,4
DA:51,5
DA:52,5
DA:53,5
DA:56,45
DA:57,8
DA:58,3
DA:59,3
DA:60,3
DA:62,5
DA:63,1
DA:64,1
DA:65,1
DA:67,4
DA:68,4
DA:69,4
DA:70,1
DA:71,1
DA:72,3
DA:73,3
DA:78,45
DA:79,1
DA:82,45
DA:83,2
DA:84,1
DA:85,1
DA:88,45
DA:89,0
DA:90,0
DA:94,45
DA:95,1
DA:96,1
DA:97,1
DA:101,45
DA:116,22
DA:118,1
DA:129,5
DA:131,1
LF:65
LH:63
BRDA:28,0,0,7
BRDA:28,0,1,1
BRDA:44,1,0,4
BRDA:44,1,1,1
BRDA:44,2,0,5
BRDA:44,2,1,5
BRDA:48,3,0,4
BRDA:48,3,1,1
BRDA:57,4,0,3
BRDA:57,4,1,5
BRDA:59,5,0,3
BRDA:59,5,1,0
BRDA:62,6,0,1
BRDA:62,6,1,4
BRDA:64,7,0,1
BRDA:64,7,1,0
BRDA:67,8,0,4
BRDA:67,8,1,0
BRDA:69,9,0,1
BRDA:69,9,1,3
BRDA:70,10,0,0
BRDA:70,10,1,1
BRDA:72,11,0,3
BRDA:72,11,1,0
BRDA:85,12,0,1
BRDA:85,12,1,0
BRDA:89,13,0,0
BRDA:89,13,1,0
BRDA:113,14,0,45
BRDA:113,14,1,11
BRDA:117,15,0,22
BRDA:117,15,1,0
BRDA:119,16,0,4
BRDA:119,16,1,18
BRF:34
BRH:25
end_of_record
TN:
SF:src\Recipe_Box\Filter.js
FN:4,(anonymous_0)
FN:15,(anonymous_1)
FN:19,(anonymous_2)
FN:23,(anonymous_3)
FN:28,(anonymous_4)
FN:35,(anonymous_5)
FN:37,(anonymous_6)
FN:41,(anonymous_7)
FN:59,(anonymous_8)
FN:60,(anonymous_9)
FN:68,(anonymous_10)
FN:71,(anonymous_11)
FN:74,(anonymous_12)
FN:77,(anonymous_13)
FN:90,(anonymous_14)
FN:94,(anonymous_15)
FN:95,(anonymous_16)
FN:115,(anonymous_17)
FN:119,(anonymous_18)
FN:131,(anonymous_19)
FN:135,(anonymous_20)
FN:147,(anonymous_21)
FN:162,(anonymous_22)
FN:165,(anonymous_23)
FNF:24
FNH:21
FNDA:28,(anonymous_0)
FNDA:5,(anonymous_1)
FNDA:0,(anonymous_2)
FNDA:3,(anonymous_3)
FNDA:2,(anonymous_4)
FNDA:1,(anonymous_5)
FNDA:1,(anonymous_6)
FNDA:2,(anonymous_7)
FNDA:17,(anonymous_8)
FNDA:2,(anonymous_9)
FNDA:17,(anonymous_10)
FNDA:4,(anonymous_11)
FNDA:1,(anonymous_12)
FNDA:1,(anonymous_13)
FNDA:1,(anonymous_14)
FNDA:0,(anonymous_15)
FNDA:0,(anonymous_16)
FNDA:125,(anonymous_17)
FNDA:1,(anonymous_18)
FNDA:5,(anonymous_19)
FNDA:1,(anonymous_20)
FNDA:1,(anonymous_21)
FNDA:8,(anonymous_22)
FNDA:1,(anonymous_23)
DA:4,1
DA:6,28
DA:8,28
DA:9,28
DA:10,28
DA:11,28
DA:13,28
DA:15,28
DA:16,5
DA:17,5
DA:19,28
DA:20,0
DA:21,0
DA:23,28
DA:24,3
DA:25,3
DA:28,28
DA:29,2
DA:30,1
DA:31,1
DA:35,28
DA:36,1
DA:37,1
DA:41,28
DA:42,2
DA:43,0
DA:44,0
DA:47,2
DA:48,2
DA:51,2
DA:52,2
DA:53,2
DA:55,0
DA:59,28
DA:60,17
DA:61,2
DA:62,2
DA:64,0
DA:65,0
DA:68,17
DA:71,28
DA:72,4
DA:73,1
DA:74,1
DA:75,3
DA:76,1
DA:77,1
DA:78,2
DA:79,2
DA:80,2
DA:81,0
DA:82,0
DA:83,2
DA:84,1
DA:86,2
DA:90,28
DA:91,1
DA:94,28
DA:95,0
DA:96,0
DA:100,28
DA:116,125
DA:120,1
DA:121,1
DA:132,5
DA:135,1
DA:147,1
DA:163,8
DA:165,1
LF:69
LH:58
BRDA:29,0,0,1
BRDA:29,0,1,1
BRDA:29,1,0,2
BRDA:29,1,1,2
BRDA:42,2,0,0
BRDA:42,2,1,2
BRDA:61,3,0,2
BRDA:61,3,1,0
BRDA:72,4,0,1
BRDA:72,4,1,3
BRDA:75,5,0,1
BRDA:75,5,1,2
BRDA:78,6,0,2
BRDA:78,6,1,0
BRDA:80,7,0,0
BRDA:80,7,1,2
BRDA:81,8,0,0
BRDA:81,8,1,0
BRDA:83,9,0,1
BRDA:83,9,1,1
BRDA:104,10,0,25
BRDA:104,10,1,3
BRDA:112,11,0,25
BRDA:112,11,1,3
BRDA:118,12,0,1
BRDA:118,12,1,124
BRDA:145,13,0,25
BRDA:145,13,1,15
BRDA:160,14,0,15
BRDA:160,14,1,5
BRDA:164,15,0,8
BRDA:164,15,1,0
BRDA:166,16,0,2
BRDA:166,16,1,6
BRF:34
BRH:27
end_of_record
TN:
SF:src\Recipe_Box\IndvRecipe.js
FN:4,(anonymous_0)
FN:15,(anonymous_1)
FNF:2
FNH:1
FNDA:12,(anonymous_0)
FNDA:0,(anonymous_1)
DA:4,1
DA:5,12
DA:16,0
DA:17,0
LF:4
LH:2
BRDA:14,0,0,12
BRDA:14,0,1,1
BRF:2
BRH:2
end_of_record
TN:
SF:src\Recipe_Box\RecipeBox.js
FN:7,(anonymous_0)
FNF:1
FNH:1
FNDA:19,(anonymous_0)
DA:7,1
DA:8,19
LF:2
LH:2
BRDA:17,0,0,19
BRDA:17,0,1,5
BRF:2
BRH:2
end_of_record
TN:
SF:src\Recipe_Box\RecipeModal.js
FN:6,(anonymous_0)
FN:12,(anonymous_1)
FN:13,(anonymous_2)
FN:37,(anonymous_3)
FN:38,(anonymous_4)
FN:60,(anonymous_5)
FN:78,(anonymous_6)
FN:88,(anonymous_7)
FN:110,(anonymous_8)
FN:120,(anonymous_9)
FN:123,(anonymous_10)
FN:130,(anonymous_11)
FN:133,(anonymous_12)
FNF:13
FNH:13
FNDA:23,(anonymous_0)
FNDA:14,(anonymous_1)
FNDA:13,(anonymous_2)
FNDA:3,(anonymous_3)
FNDA:3,(anonymous_4)
FNDA:5,(anonymous_5)
FNDA:2,(anonymous_6)
FNDA:2,(anonymous_7)
FNDA:1,(anonymous_8)
FNDA:44,(anonymous_9)
FNDA:2,(anonymous_10)
FNDA:44,(anonymous_11)
FNDA:1,(anonymous_12)
DA:6,1
DA:7,23
DA:8,23
DA:9,23
DA:10,23
DA:12,23
DA:13,14
DA:14,13
DA:15,13
DA:16,13
DA:17,12
DA:19,12
DA:20,12
DA:21,12
DA:23,12
DA:28,1
DA:32,14
DA:33,13
DA:37,23
DA:38,3
DA:44,23
DA:60,5
DA:78,2
DA:89,2
DA:111,1
DA:112,1
DA:121,44
DA:123,2
DA:131,44
DA:133,1
LF:30
LH:30
BRDA:32,0,0,13
BRDA:32,0,1,1
BRDA:32,1,0,14
BRDA:32,1,1,14
BRDA:56,2,0,23
BRDA:56,2,1,17
BRDA:56,2,2,1
BRDA:60,3,0,23
BRDA:60,3,1,18
BRDA:66,4,0,23
BRDA:66,4,1,6
BRDA:79,5,0,1
BRDA:79,5,1,22
BRDA:82,6,0,17
BRDA:82,6,1,6
BRDA:84,7,0,1
BRDA:84,7,1,5
BRDA:85,8,0,1
BRDA:85,8,1,0
BRDA:85,9,0,1
BRDA:85,9,1,1
BRDA:97,10,0,4
BRDA:97,10,1,1
BRDA:108,11,0,23
BRDA:108,11,1,1
BRDA:109,12,0,23
BRDA:109,12,1,0
BRDA:124,13,0,2
BRDA:124,13,1,42
BRDA:134,14,0,2
BRDA:134,14,1,42
BRF:31
BRH:29
end_of_record
TN:
SF:src\Recipe_Box\Recipes.js
FN:5,(anonymous_0)
FN:10,(anonymous_1)
FN:14,(anonymous_2)
FNF:3
FNH:3
FNDA:6,(anonymous_0)
FNDA:4,(anonymous_1)
FNDA:1,(anonymous_2)
DA:5,1
DA:6,6
DA:11,4
DA:14,1
LF:4
LH:4
BRDA:9,0,0,2
BRDA:9,0,1,4
BRDA:9,1,0,6
BRDA:9,1,1,3
BRDA:12,2,0,4
BRDA:12,2,1,0
BRF:6
BRH:5
end_of_record
TN:
SF:src\Title_Card\Header.js
FN:5,(anonymous_0)
FNF:1
FNH:1
FNDA:4,(anonymous_0)
DA:5,1
DA:6,4
LF:2
LH:2
BRF:0
BRH:0
end_of_record
TN:
SF:src\Title_Card\TTS.js
FN:4,(anonymous_0)
FN:29,(anonymous_1)
FN:32,(anonymous_2)
FN:38,(anonymous_3)
FN:107,(anonymous_4)
FN:130,(anonymous_5)
FN:139,(anonymous_6)
FN:144,(anonymous_7)
FN:152,(anonymous_8)
FN:158,(anonymous_9)
FN:166,(anonymous_10)
FN:183,(anonymous_11)
FN:209,(anonymous_12)
FN:211,(anonymous_13)
FN:213,(anonymous_14)
FN:239,(anonymous_15)
FN:244,(anonymous_16)
FN:248,(anonymous_17)
FN:270,(anonymous_18)
FN:296,(anonymous_19)
FN:323,(anonymous_20)
FN:324,(anonymous_21)
FN:330,(anonymous_22)
FN:331,(anonymous_23)
FN:337,(anonymous_24)
FN:338,(anonymous_25)
FN:345,(anonymous_26)
FN:357,(anonymous_27)
FN:410,(anonymous_28)
FNF:29
FNH:6
FNDA:9,(anonymous_0)
FNDA:0,(anonymous_1)
FNDA:0,(anonymous_2)
FNDA:0,(anonymous_3)
FNDA:0,(anonymous_4)
FNDA:0,(anonymous_5)
FNDA:0,(anonymous_6)
FNDA:0,(anonymous_7)
FNDA:0,(anonymous_8)
FNDA:7,(anonymous_9)
FNDA:0,(anonymous_10)
FNDA:0,(anonymous_11)
FNDA:0,(anonymous_12)
FNDA:0,(anonymous_13)
FNDA:0,(anonymous_14)
FNDA:0,(anonymous_15)
FNDA:0,(anonymous_16)
FNDA:0,(anonymous_17)
FNDA:0,(anonymous_18)
FNDA:0,(anonymous_19)
FNDA:0,(anonymous_20)
FNDA:0,(anonymous_21)
FNDA:7,(anonymous_22)
FNDA:7,(anonymous_23)
FNDA:7,(anonymous_24)
FNDA:0,(anonymous_25)
FNDA:7,(anonymous_26)
FNDA:0,(anonymous_27)
FNDA:0,(anonymous_28)
DA:4,2
DA:6,9
DA:7,9
DA:8,9
DA:9,9
DA:10,9
DA:11,9
DA:14,9
DA:15,9
DA:16,9
DA:17,9
DA:18,9
DA:19,9
DA:20,9
DA:21,9
DA:24,9
DA:25,9
DA:26,9
DA:29,9
DA:30,0
DA:32,0
DA:33,0
DA:38,9
DA:39,0
DA:41,0
DA:42,0
DA:43,0
DA:47,0
DA:48,0
DA:49,0
DA:52,0
DA:70,0
DA:71,0
DA:72,0
DA:77,0
DA:80,0
DA:83,0
DA:84,0
DA:85,0
DA:89,0
DA:92,0
DA:93,0
DA:94,0
DA:95,0
DA:97,0
DA:99,0
DA:100,0
DA:102,0
DA:103,0
DA:107,9
DA:108,0
DA:109,0
DA:112,0
DA:113,0
DA:116,0
DA:118,0
DA:119,0
DA:120,0
DA:121,0
DA:123,0
DA:126,0
DA:130,9
DA:131,0
DA:132,0
DA:134,0
DA:135,0
DA:139,0
DA:140,0
DA:144,9
DA:145,0
DA:147,0
DA:148,0
DA:152,0
DA:153,0
DA:158,9
DA:159,7
DA:161,7
DA:162,0
DA:165,7
DA:166,0
DA:167,0
DA:170,7
DA:171,7
DA:175,7
DA:176,0
DA:177,0
DA:180,7
DA:183,9
DA:184,0
DA:185,0
DA:186,0
DA:188,0
DA:190,0
DA:191,0
DA:192,0
DA:194,0
DA:195,0
DA:196,0
DA:198,0
DA:199,0
DA:201,0
DA:202,0
DA:204,0
DA:205,0
DA:209,9
DA:210,0
DA:211,0
DA:212,0
DA:213,0
DA:214,0
DA:215,0
DA:216,0
DA:217,0
DA:219,0
DA:220,0
DA:233,0
DA:234,0
DA:236,0
DA:239,0
DA:240,0
DA:244,9
DA:245,0
DA:247,0
DA:248,0
DA:251,0
DA:252,0
DA:254,0
DA:259,0
DA:260,0
DA:261,0
DA:262,0
DA:264,0
DA:265,0
DA:266,0
DA:267,0
DA:270,0
DA:271,0
DA:273,0
DA:274,0
DA:275,0
DA:278,0
DA:279,0
DA:280,0
DA:281,0
DA:283,0
DA:284,0
DA:285,0
DA:286,0
DA:287,0
DA:288,0
DA:289,0
DA:293,0
DA:296,0
DA:297,0
DA:298,0
DA:299,0
DA:300,0
DA:301,0
DA:303,0
DA:305,0
DA:310,0
DA:311,0
DA:312,0
DA:315,0
DA:316,0
DA:323,9
DA:324,9
DA:325,0
DA:326,0
DA:330,9
DA:331,7
DA:332,7
DA:337,9
DA:338,7
DA:339,0
DA:340,0
DA:344,7
DA:345,7
DA:346,7
DA:351,9
DA:357,0
DA:411,0
DA:412,0
DA:413,0
DA:415,0
LF:185
LH:45
BRDA:30,0,0,0
BRDA:30,0,1,0
BRDA:30,1,0,0
BRDA:30,1,1,0
BRDA:41,2,0,0
BRDA:41,2,1,0
BRDA:47,3,0,0
BRDA:47,3,1,0
BRDA:70,4,0,0
BRDA:70,4,1,0
BRDA:83,5,0,0
BRDA:83,5,1,0
BRDA:109,6,0,0
BRDA:109,6,1,0
BRDA:112,7,0,0
BRDA:112,7,1,0
BRDA:119,8,0,0
BRDA:119,8,1,0
BRDA:132,9,0,0
BRDA:132,9,1,0
BRDA:134,10,0,0
BRDA:134,10,1,0
BRDA:145,11,0,0
BRDA:145,11,1,0
BRDA:147,12,0,0
BRDA:147,12,1,0
BRDA:159,13,0,0
BRDA:159,13,1,7
BRDA:161,14,0,0
BRDA:161,14,1,7
BRDA:165,15,0,0
BRDA:165,15,1,7
BRDA:170,16,0,7
BRDA:170,16,1,0
BRDA:175,17,0,0
BRDA:175,17,1,7
BRDA:185,18,0,0
BRDA:185,18,1,0
BRDA:190,19,0,0
BRDA:190,19,1,0
BRDA:194,20,0,0
BRDA:194,20,1,0
BRDA:196,21,0,0
BRDA:196,21,1,0
BRDA:198,22,0,0
BRDA:198,22,1,0
BRDA:198,23,0,0
BRDA:198,23,1,0
BRDA:201,24,0,0
BRDA:201,24,1,0
BRDA:201,25,0,0
BRDA:201,25,1,0
BRDA:204,26,0,0
BRDA:204,26,1,0
BRDA:215,27,0,0
BRDA:215,27,1,0
BRDA:234,28,0,0
BRDA:234,28,1,0
BRDA:247,29,0,0
BRDA:247,29,1,0
BRDA:271,30,0,0
BRDA:271,30,1,0
BRDA:278,31,0,0
BRDA:278,31,1,0
BRDA:279,32,0,0
BRDA:279,32,1,0
BRDA:284,33,0,0
BRDA:284,33,1,0
BRDA:285,34,0,0
BRDA:285,34,1,0
BRDA:286,35,0,0
BRDA:286,35,1,0
BRDA:297,36,0,0
BRDA:297,36,1,0
BRDA:301,37,0,0
BRDA:301,37,1,0
BRDA:325,38,0,0
BRDA:325,38,1,0
BRDA:339,39,0,0
BRDA:339,39,1,0
BRDA:339,40,0,0
BRDA:339,40,1,0
BRDA:353,41,0,9
BRDA:353,41,1,0
BRDA:362,42,0,9
BRDA:362,42,1,9
BRDA:386,43,0,0
BRDA:386,43,1,9
BRDA:386,44,0,0
BRDA:386,44,1,9
BRDA:390,45,0,9
BRDA:390,45,1,0
BRDA:392,46,0,0
BRDA:392,46,1,0
BRDA:411,47,0,0
BRDA:411,47,1,0
BRDA:412,48,0,0
BRDA:412,48,1,0
BRDA:420,49,0,0
BRDA:420,49,1,0
BRDA:426,50,0,0
BRDA:426,50,1,0
BRF:102
BRH:11
end_of_record
TN:
SF:src\Title_Card\TranslateBox.js
FN:4,(anonymous_0)
FNF:1
FNH:1
FNDA:26,(anonymous_0)
DA:4,2
DA:5,26
LF:2
LH:2
BRF:0
BRH:0
end_of_record
